Arguments: 
  /usr/local/bin/node /usr/local/bin/yarn add @types/node typescript ts-node

PATH: 
  /Library/Frameworks/Python.framework/Versions/3.10/bin:/usr/local/bin:/usr/bin:/bin:/usr/sbin:/sbin:/Library/Apple/usr/bin:/Library/Frameworks/Mono.framework/Versions/Current/Commands:/Library/Frameworks/Python.framework/Versions/3.10/bin

Yarn version: 
  1.22.10

Node version: 
  14.18.0

Platform: 
  darwin x64

Trace: 
  SyntaxError: /Users/bagdain/algorithm/package.json: Unexpected token } in JSON at position 313
      at JSON.parse (<anonymous>)
      at /usr/local/lib/node_modules/yarn/lib/cli.js:1625:59
      at Generator.next (<anonymous>)
      at step (/usr/local/lib/node_modules/yarn/lib/cli.js:310:30)
      at /usr/local/lib/node_modules/yarn/lib/cli.js:321:13

npm manifest: 
  {
    "name": "algorithm",
    "version": "1.0.0",
    "main": "index.js",
    "repository": "https://github.com/DainPark-web/Daily-Coding-Challenge.git",
    "author": "dain <57316771+DainPark-web@users.noreply.github.com>",
    "license": "MIT",
    "scripts": {
      "start" : "node Challenges/typescript/lvl04/02.js",
     
    }
  
  }

yarn manifest: 
  No manifest

Lockfile: 
  No lockfile
